[14:05:30] [Client thread/INFO]: Setting user: Player953
[14:05:41] [Client thread/INFO]: LWJGL Version: 2.9.4
[14:05:54] [Client thread/INFO]: Reloading ResourceManager: Default, FMLFileResourcePack:Forge Mod Loader, FMLFileResourcePack:Minecraft Forge, FMLFileResourcePack:mistStalker
[14:05:54] [Client thread/WARN]: ResourcePack: ignored non-lowercase namespace: mistStalker/ in /home/jonathan/workspace/Miststalker/bin
[14:06:00] [Sound Library Loader/INFO]: Starting up SoundSystem...
[14:06:00] [Thread-7/INFO]: Initializing LWJGL OpenAL
[14:06:00] [Thread-7/INFO]: (The LWJGL binding of OpenAL.  For more information, see http://www.lwjgl.org)
[14:06:02] [Thread-7/INFO]: OpenAL initialized.
[14:06:02] [Sound Library Loader/INFO]: Sound engine started
[14:06:07] [Client thread/INFO]: Created: 16x16 textures-atlas
[14:06:13] [Client thread/INFO]: Reloading ResourceManager: Default, FMLFileResourcePack:Forge Mod Loader, FMLFileResourcePack:Minecraft Forge, FMLFileResourcePack:mistStalker
[14:06:13] [Client thread/WARN]: ResourcePack: ignored non-lowercase namespace: mistStalker/ in /home/jonathan/workspace/Miststalker/bin
[14:06:17] [Client thread/INFO]: SoundSystem shutting down...
[14:06:17] [Client thread/WARN]: Author: Paul Lamb, www.paulscode.com
[14:06:17] [Sound Library Loader/INFO]: Starting up SoundSystem...
[14:06:17] [Thread-9/INFO]: Initializing LWJGL OpenAL
[14:06:17] [Thread-9/INFO]: (The LWJGL binding of OpenAL.  For more information, see http://www.lwjgl.org)
[14:06:17] [Thread-9/INFO]: OpenAL initialized.
[14:06:18] [Sound Library Loader/INFO]: Sound engine started
[14:06:21] [Client thread/INFO]: Created: 512x512 textures-atlas
[14:06:27] [Realms Notification Availability checker #1/INFO]: Could not authorize you against Realms server: Invalid session id
[14:08:04] [Client thread/INFO]: Stopping!
[14:08:04] [Client thread/INFO]: SoundSystem shutting down...
[14:08:04] [Client thread/WARN]: Author: Paul Lamb, www.paulscode.com
